File: \application.ini
File: \chrome.manifest
File: \chrome.manifest.bak
File: \COPYING
File: \msvcp100.dll
File: \msvcr100.dll
File: \updater.ini
File: \zotero.exe
File: \zotero.jar
File: \xulrunner\AccessibleMarshal.dll
File: \xulrunner\breakpadinjector.dll
File: \xulrunner\crashreporter.exe
File: \xulrunner\crashreporter.ini
File: \xulrunner\D3DCompiler_43.dll
File: \xulrunner\dependentlibs.list
File: \xulrunner\freebl3.chk
File: \xulrunner\freebl3.dll
File: \xulrunner\gkmedias.dll
File: \xulrunner\IA2Marshal.dll
File: \xulrunner\js-gdb.py
File: \xulrunner\libEGL.dll
File: \xulrunner\libGLESv2.dll
File: \xulrunner\LICENSE
File: \xulrunner\mozalloc.dll
File: \xulrunner\mozglue.dll
File: \xulrunner\mozjs.dll
File: \xulrunner\msvcp100.dll
File: \xulrunner\msvcr100.dll
File: \xulrunner\nss3.dll
File: \xulrunner\nssckbi.dll
File: \xulrunner\nssdbm3.chk
File: \xulrunner\nssdbm3.dll
File: \xulrunner\omni.ja
File: \xulrunner\platform.ini
File: \xulrunner\plugin-container.exe
File: \xulrunner\plugin-hang-ui.exe
File: \xulrunner\precomplete
File: \xulrunner\README.xulrunner
File: \xulrunner\softokn3.chk
File: \xulrunner\softokn3.dll
File: \xulrunner\updater.exe
File: \xulrunner\xul.dll
File: \xulrunner\xulrunner.exe
File: \xulrunner\dictionaries\en-US.aff
File: \xulrunner\dictionaries\en-US.dic
File: \uninstall\helper.exe
File: \extensions\zoteroWinWordIntegration@zotero.org\chrome.manifest
File: \extensions\zoteroWinWordIntegration@zotero.org\chrome.manifest.bak
File: \extensions\zoteroWinWordIntegration@zotero.org\COPYING
File: \extensions\zoteroWinWordIntegration@zotero.org\install.rdf
File: \extensions\zoteroWinWordIntegration@zotero.org\install.rdf.bak
File: \extensions\zoteroWinWordIntegration@zotero.org\resource\installer.jsm
File: \extensions\zoteroWinWordIntegration@zotero.org\resource\installer_common.jsm
File: \extensions\zoteroWinWordIntegration@zotero.org\install\Zotero.dot
File: \extensions\zoteroWinWordIntegration@zotero.org\defaults\preferences\zoteroWinWordIntegration.js
File: \extensions\zoteroWinWordIntegration@zotero.org\components-28.0\zoteroWinWordIntegration.dll
File: \extensions\zoteroWinWordIntegration@zotero.org\components\errorHandler.js
File: \extensions\zoteroWinWordIntegration@zotero.org\components\zoteroIntegration.xpt
File: \extensions\zoteroWinWordIntegration@zotero.org\components\zoteroWinWordIntegrationErrorHandler.xpt
File: \extensions\zoteroWinWordIntegration@zotero.org\chrome\overlay.xul
File: \extensions\zoteroWinWordIntegration@zotero.org\chrome\preferences.xul
File: \extensions\zoteroWinWordIntegration@zotero.org\chrome\progress.xul
File: \extensions\zoteroOpenOfficeIntegration@zotero.org\chrome.manifest
File: \extensions\zoteroOpenOfficeIntegration@zotero.org\COPYING
File: \extensions\zoteroOpenOfficeIntegration@zotero.org\install.rdf
File: \extensions\zoteroOpenOfficeIntegration@zotero.org\install.rdf.bak
File: \extensions\zoteroOpenOfficeIntegration@zotero.org\README.md
File: \extensions\zoteroOpenOfficeIntegration@zotero.org\resource\installer.jsm
File: \extensions\zoteroOpenOfficeIntegration@zotero.org\resource\installer_common.jsm
File: \extensions\zoteroOpenOfficeIntegration@zotero.org\install\Zotero_OpenOffice_Integration.oxt
File: \extensions\zoteroOpenOfficeIntegration@zotero.org\defaults\preferences\zoteroOpenOfficeIntegration.js
File: \extensions\zoteroOpenOfficeIntegration@zotero.org\components\zoteroIntegration.xpt
File: \extensions\zoteroOpenOfficeIntegration@zotero.org\components\zoteroOpenOfficeIntegration.js
File: \extensions\zoteroOpenOfficeIntegration@zotero.org\chrome\install.js
File: \extensions\zoteroOpenOfficeIntegration@zotero.org\chrome\install.xul
File: \extensions\zoteroOpenOfficeIntegration@zotero.org\chrome\overlay.xul
File: \extensions\zoteroOpenOfficeIntegration@zotero.org\chrome\preferences.xul
File: \extensions\zoteroOpenOfficeIntegration@zotero.org\chrome\progress.xul
File: \defaults\preferences\prefs.js
File: \defaults\preferences\prefs.js.bak
File: \defaults\preferences\zotero.js
File: \defaults\preferences\zotero.js.bak
File: \components\zotero-autocomplete.js
File: \components\zotero-protocol-handler.js
File: \components\zotero-service.js
File: \chrome\icons\default\default16.png
File: \chrome\icons\default\default32.png
File: \chrome\icons\default\default48.png
File: \chrome\icons\default\main-window.ico
File: \components\compreg.dat
File: \components\xpti.dat
File: \active-update.xml
File: \install.log
File: \install_status.log
File: \install_wizard.log
File: \updates.xml
